<?xml version="1.0" encoding="UTF-8"?>
<testsuite name="AlgorithmTest" tests="1" skipped="0" failures="0" errors="0" timestamp="2022-04-01T23:33:10" hostname="APOLLO" time="0.035">
  <properties/>
  <testcase name="testAlgorithm()" classname="AlgorithmTest" time="0.035"/>
  <system-out><![CDATA[]]></system-out>
  <system-err><![CDATA[]]></system-err>
</testsuite>
